<?xml version="1.0" encoding="UTF-8"?>
<!-- Generated by org.testng.reporters.JUnitXMLReporter -->
<testsuite hostname="Admin" ignored="0" name="Default test" tests="10" failures="0" timestamp="23 Jul 2019 05:22:39 GMT" time="316.901" errors="0">
  <testcase name="license" time="2.53" classname="org.C_zentrix.org.C_zentrix.Test_czentrix"/>
  <testcase name="tdm" time="26.286" classname="org.C_zentrix.org.C_zentrix.Test_czentrix"/>
  <testcase name="GateWay" time="17.413" classname="org.C_zentrix.org.C_zentrix.Test_czentrix"/>
  <testcase name="sip" time="33.015" classname="org.C_zentrix.org.C_zentrix.Test_czentrix"/>
  <testcase name="campaignTest" time="72.115" classname="org.C_zentrix.org.C_zentrix.Test_czentrix"/>
  <testcase name="agentTest" time="44.057" classname="org.C_zentrix.org.C_zentrix.Test_czentrix"/>
  <testcase name="sip_Channel" time="16.45" classname="org.C_zentrix.org.C_zentrix.Test_czentrix"/>
  <testcase name="listForm" time="59.199" classname="org.C_zentrix.org.C_zentrix.Test_czentrix"/>
  <testcase name="uploadList" time="11.959" classname="org.C_zentrix.org.C_zentrix.Test_czentrix"/>
  <testcase name="applyConfiguration" time="9.417" classname="org.C_zentrix.org.C_zentrix.Test_czentrix"/>
</testsuite> <!-- Default test -->
