<?xml version="1.0" encoding="UTF-8"?>
<testng-results skipped="0" failed="0" ignored="0" total="10" passed="10">
  <reporter-output>
  </reporter-output>
  <suite name="Default suite" duration-ms="316901" started-at="2019-07-23T05:17:22Z" finished-at="2019-07-23T05:22:39Z">
    <groups>
    </groups>
    <test name="Default test" duration-ms="316901" started-at="2019-07-23T05:17:22Z" finished-at="2019-07-23T05:22:39Z">
      <class name="org.C_zentrix.org.C_zentrix.Test_czentrix">
        <test-method status="PASS" signature="before()[pri:0, instance:org.C_zentrix.org.C_zentrix.Test_czentrix@17211155]" name="before" is-config="true" duration-ms="23591" started-at="2019-07-23T05:17:22Z" finished-at="2019-07-23T05:17:45Z">
          <reporter-output>
          </reporter-output>
        </test-method> <!-- before -->
        <test-method status="PASS" signature="license()[pri:1, instance:org.C_zentrix.org.C_zentrix.Test_czentrix@17211155]" name="license" duration-ms="2530" started-at="2019-07-23T05:17:45Z" finished-at="2019-07-23T05:17:48Z">
          <reporter-output>
          </reporter-output>
        </test-method> <!-- license -->
        <test-method status="PASS" signature="getResult(org.testng.ITestResult)[pri:0, instance:org.C_zentrix.org.C_zentrix.Test_czentrix@17211155]" name="getResult" is-config="true" duration-ms="12" started-at="2019-07-23T05:17:48Z" finished-at="2019-07-23T05:17:48Z">
          <params>
            <param index="0">
              <value>
                <![CDATA[[TestResult name=license status=SUCCESS method=Test_czentrix.license()[pri:1, instance:org.C_zentrix.org.C_zentrix.Test_czentrix@17211155] output={null}]]]>
              </value>
            </param>
          </params>
          <reporter-output>
          </reporter-output>
        </test-method> <!-- getResult -->
        <test-method status="PASS" signature="tdm()[pri:2, instance:org.C_zentrix.org.C_zentrix.Test_czentrix@17211155]" name="tdm" duration-ms="26286" started-at="2019-07-23T05:17:48Z" finished-at="2019-07-23T05:18:14Z">
          <reporter-output>
          </reporter-output>
        </test-method> <!-- tdm -->
        <test-method status="PASS" signature="getResult(org.testng.ITestResult)[pri:0, instance:org.C_zentrix.org.C_zentrix.Test_czentrix@17211155]" name="getResult" is-config="true" duration-ms="1" started-at="2019-07-23T05:18:14Z" finished-at="2019-07-23T05:18:14Z">
          <params>
            <param index="0">
              <value>
                <![CDATA[[TestResult name=tdm status=SUCCESS method=Test_czentrix.tdm()[pri:2, instance:org.C_zentrix.org.C_zentrix.Test_czentrix@17211155] output={null}]]]>
              </value>
            </param>
          </params>
          <reporter-output>
          </reporter-output>
        </test-method> <!-- getResult -->
        <test-method status="PASS" signature="GateWay()[pri:3, instance:org.C_zentrix.org.C_zentrix.Test_czentrix@17211155]" name="GateWay" duration-ms="17413" started-at="2019-07-23T05:18:14Z" finished-at="2019-07-23T05:18:32Z">
          <reporter-output>
          </reporter-output>
        </test-method> <!-- GateWay -->
        <test-method status="PASS" signature="getResult(org.testng.ITestResult)[pri:0, instance:org.C_zentrix.org.C_zentrix.Test_czentrix@17211155]" name="getResult" is-config="true" duration-ms="2" started-at="2019-07-23T05:18:32Z" finished-at="2019-07-23T05:18:32Z">
          <params>
            <param index="0">
              <value>
                <![CDATA[[TestResult name=GateWay status=SUCCESS method=Test_czentrix.GateWay()[pri:3, instance:org.C_zentrix.org.C_zentrix.Test_czentrix@17211155] output={null}]]]>
              </value>
            </param>
          </params>
          <reporter-output>
          </reporter-output>
        </test-method> <!-- getResult -->
        <test-method status="PASS" signature="sip()[pri:4, instance:org.C_zentrix.org.C_zentrix.Test_czentrix@17211155]" name="sip" duration-ms="33015" started-at="2019-07-23T05:18:32Z" finished-at="2019-07-23T05:19:05Z">
          <reporter-output>
          </reporter-output>
        </test-method> <!-- sip -->
        <test-method status="PASS" signature="getResult(org.testng.ITestResult)[pri:0, instance:org.C_zentrix.org.C_zentrix.Test_czentrix@17211155]" name="getResult" is-config="true" duration-ms="3" started-at="2019-07-23T05:19:05Z" finished-at="2019-07-23T05:19:05Z">
          <params>
            <param index="0">
              <value>
                <![CDATA[[TestResult name=sip status=SUCCESS method=Test_czentrix.sip()[pri:4, instance:org.C_zentrix.org.C_zentrix.Test_czentrix@17211155] output={null}]]]>
              </value>
            </param>
          </params>
          <reporter-output>
          </reporter-output>
        </test-method> <!-- getResult -->
        <test-method status="PASS" signature="campaignTest()[pri:5, instance:org.C_zentrix.org.C_zentrix.Test_czentrix@17211155]" name="campaignTest" duration-ms="72115" started-at="2019-07-23T05:19:05Z" finished-at="2019-07-23T05:20:17Z">
          <reporter-output>
          </reporter-output>
        </test-method> <!-- campaignTest -->
        <test-method status="PASS" signature="getResult(org.testng.ITestResult)[pri:0, instance:org.C_zentrix.org.C_zentrix.Test_czentrix@17211155]" name="getResult" is-config="true" duration-ms="1" started-at="2019-07-23T05:20:17Z" finished-at="2019-07-23T05:20:17Z">
          <params>
            <param index="0">
              <value>
                <![CDATA[[TestResult name=campaignTest status=SUCCESS method=Test_czentrix.campaignTest()[pri:5, instance:org.C_zentrix.org.C_zentrix.Test_czentrix@17211155] output={null}]]]>
              </value>
            </param>
          </params>
          <reporter-output>
          </reporter-output>
        </test-method> <!-- getResult -->
        <test-method status="PASS" signature="agentTest()[pri:6, instance:org.C_zentrix.org.C_zentrix.Test_czentrix@17211155]" name="agentTest" duration-ms="44057" started-at="2019-07-23T05:20:17Z" finished-at="2019-07-23T05:21:01Z">
          <reporter-output>
          </reporter-output>
        </test-method> <!-- agentTest -->
        <test-method status="PASS" signature="getResult(org.testng.ITestResult)[pri:0, instance:org.C_zentrix.org.C_zentrix.Test_czentrix@17211155]" name="getResult" is-config="true" duration-ms="2" started-at="2019-07-23T05:21:01Z" finished-at="2019-07-23T05:21:01Z">
          <params>
            <param index="0">
              <value>
                <![CDATA[[TestResult name=agentTest status=SUCCESS method=Test_czentrix.agentTest()[pri:6, instance:org.C_zentrix.org.C_zentrix.Test_czentrix@17211155] output={null}]]]>
              </value>
            </param>
          </params>
          <reporter-output>
          </reporter-output>
        </test-method> <!-- getResult -->
        <test-method status="PASS" signature="sip_Channel()[pri:7, instance:org.C_zentrix.org.C_zentrix.Test_czentrix@17211155]" name="sip_Channel" duration-ms="16450" started-at="2019-07-23T05:21:01Z" finished-at="2019-07-23T05:21:17Z">
          <reporter-output>
          </reporter-output>
        </test-method> <!-- sip_Channel -->
        <test-method status="PASS" signature="getResult(org.testng.ITestResult)[pri:0, instance:org.C_zentrix.org.C_zentrix.Test_czentrix@17211155]" name="getResult" is-config="true" duration-ms="1" started-at="2019-07-23T05:21:17Z" finished-at="2019-07-23T05:21:17Z">
          <params>
            <param index="0">
              <value>
                <![CDATA[[TestResult name=sip_Channel status=SUCCESS method=Test_czentrix.sip_Channel()[pri:7, instance:org.C_zentrix.org.C_zentrix.Test_czentrix@17211155] output={null}]]]>
              </value>
            </param>
          </params>
          <reporter-output>
          </reporter-output>
        </test-method> <!-- getResult -->
        <test-method status="PASS" signature="listForm()[pri:8, instance:org.C_zentrix.org.C_zentrix.Test_czentrix@17211155]" name="listForm" duration-ms="59199" started-at="2019-07-23T05:21:17Z" finished-at="2019-07-23T05:22:17Z">
          <reporter-output>
          </reporter-output>
        </test-method> <!-- listForm -->
        <test-method status="PASS" signature="getResult(org.testng.ITestResult)[pri:0, instance:org.C_zentrix.org.C_zentrix.Test_czentrix@17211155]" name="getResult" is-config="true" duration-ms="1" started-at="2019-07-23T05:22:17Z" finished-at="2019-07-23T05:22:17Z">
          <params>
            <param index="0">
              <value>
                <![CDATA[[TestResult name=listForm status=SUCCESS method=Test_czentrix.listForm()[pri:8, instance:org.C_zentrix.org.C_zentrix.Test_czentrix@17211155] output={null}]]]>
              </value>
            </param>
          </params>
          <reporter-output>
          </reporter-output>
        </test-method> <!-- getResult -->
        <test-method status="PASS" signature="uploadList()[pri:9, instance:org.C_zentrix.org.C_zentrix.Test_czentrix@17211155]" name="uploadList" duration-ms="11959" started-at="2019-07-23T05:22:17Z" finished-at="2019-07-23T05:22:28Z">
          <reporter-output>
          </reporter-output>
        </test-method> <!-- uploadList -->
        <test-method status="PASS" signature="getResult(org.testng.ITestResult)[pri:0, instance:org.C_zentrix.org.C_zentrix.Test_czentrix@17211155]" name="getResult" is-config="true" duration-ms="2" started-at="2019-07-23T05:22:28Z" finished-at="2019-07-23T05:22:28Z">
          <params>
            <param index="0">
              <value>
                <![CDATA[[TestResult name=uploadList status=SUCCESS method=Test_czentrix.uploadList()[pri:9, instance:org.C_zentrix.org.C_zentrix.Test_czentrix@17211155] output={null}]]]>
              </value>
            </param>
          </params>
          <reporter-output>
          </reporter-output>
        </test-method> <!-- getResult -->
        <test-method status="PASS" signature="applyConfiguration()[pri:10, instance:org.C_zentrix.org.C_zentrix.Test_czentrix@17211155]" name="applyConfiguration" duration-ms="9417" started-at="2019-07-23T05:22:28Z" finished-at="2019-07-23T05:22:38Z">
          <reporter-output>
          </reporter-output>
        </test-method> <!-- applyConfiguration -->
        <test-method status="PASS" signature="getResult(org.testng.ITestResult)[pri:0, instance:org.C_zentrix.org.C_zentrix.Test_czentrix@17211155]" name="getResult" is-config="true" duration-ms="1" started-at="2019-07-23T05:22:38Z" finished-at="2019-07-23T05:22:38Z">
          <params>
            <param index="0">
              <value>
                <![CDATA[[TestResult name=applyConfiguration status=SUCCESS method=Test_czentrix.applyConfiguration()[pri:10, instance:org.C_zentrix.org.C_zentrix.Test_czentrix@17211155] output={null}]]]>
              </value>
            </param>
          </params>
          <reporter-output>
          </reporter-output>
        </test-method> <!-- getResult -->
        <test-method status="PASS" signature="endReport()[pri:0, instance:org.C_zentrix.org.C_zentrix.Test_czentrix@17211155]" name="endReport" is-config="true" duration-ms="656" started-at="2019-07-23T05:22:38Z" finished-at="2019-07-23T05:22:39Z">
          <reporter-output>
          </reporter-output>
        </test-method> <!-- endReport -->
      </class> <!-- org.C_zentrix.org.C_zentrix.Test_czentrix -->
    </test> <!-- Default test -->
  </suite> <!-- Default suite -->
</testng-results>
